<?xml version="1.0" encoding="UTF-8"?>
<robot generator="Robot 3.1.2 (Python 3.8.2 on win32)" generated="20200422 16:33:11.760" rpa="false">
<suite id="s1" name="Login" source="c:\qaninja\robot_ninjapixel\tests\login.robot">
<test id="s1-t1" name="Login com sucesso">
<kw name="Start Session" library="base" type="setup">
<kw name="Open Browser" library="SeleniumLibrary">
<doc>Opens a new browser instance to the optional ``url``.</doc>
<arguments>
<arg>about:blank</arg>
<arg>chrome</arg>
</arguments>
<msg timestamp="20200422 16:33:11.910" level="INFO">Opening browser 'chrome' to base url 'about:blank'.</msg>
<status status="PASS" starttime="20200422 16:33:11.910" endtime="20200422 16:33:15.226"></status>
</kw>
<kw name="Set Selenium Implicit Wait" library="SeleniumLibrary">
<doc>Sets the implicit wait value used by Selenium.</doc>
<arguments>
<arg>5</arg>
</arguments>
<status status="PASS" starttime="20200422 16:33:15.226" endtime="20200422 16:33:15.226"></status>
</kw>
<kw name="Set Window Size" library="SeleniumLibrary">
<doc>Sets current windows size to given ``width`` and ``height``.</doc>
<arguments>
<arg>1440</arg>
<arg>900</arg>
</arguments>
<status status="PASS" starttime="20200422 16:33:15.227" endtime="20200422 16:33:17.344"></status>
</kw>
<status status="PASS" starttime="20200422 16:33:11.910" endtime="20200422 16:33:17.344"></status>
</kw>
<kw name="Dado que acesso a página login" library="steps_kw">
<kw name="Go To" library="SeleniumLibrary">
<doc>Navigates the current browser window to the provided ``url``.</doc>
<arguments>
<arg>${BASE_URL}</arg>
</arguments>
<msg timestamp="20200422 16:33:17.345" level="INFO">Opening url 'http://pixel-web:3000'</msg>
<status status="PASS" starttime="20200422 16:33:17.344" endtime="20200422 16:33:18.749"></status>
</kw>
<status status="PASS" starttime="20200422 16:33:17.344" endtime="20200422 16:33:18.749"></status>
</kw>
<kw name="Quando eu submeto minhas credenciais &quot;paty@ninjapixel.com&quot; e &quot;pwd123&quot;" library="steps_kw">
<kw name="Input Text" library="SeleniumLibrary">
<doc>Types the given ``text`` into the text field identified by ``locator``.</doc>
<arguments>
<arg>id:emailId</arg>
<arg>${email}</arg>
</arguments>
<msg timestamp="20200422 16:33:18.750" level="INFO">Typing text 'paty@ninjapixel.com' into text field 'id:emailId'.</msg>
<status status="PASS" starttime="20200422 16:33:18.750" endtime="20200422 16:33:18.849"></status>
</kw>
<kw name="Input Text" library="SeleniumLibrary">
<doc>Types the given ``text`` into the text field identified by ``locator``.</doc>
<arguments>
<arg>id:passId</arg>
<arg>${pass}</arg>
</arguments>
<msg timestamp="20200422 16:33:18.850" level="INFO">Typing text 'pwd123' into text field 'id:passId'.</msg>
<status status="PASS" starttime="20200422 16:33:18.849" endtime="20200422 16:33:18.922"></status>
</kw>
<kw name="Click Element" library="SeleniumLibrary">
<doc>Click the element identified by ``locator``.</doc>
<arguments>
<arg>class:btn</arg>
</arguments>
<msg timestamp="20200422 16:33:18.922" level="INFO">Clicking element 'class:btn'.</msg>
<status status="PASS" starttime="20200422 16:33:18.922" endtime="20200422 16:33:19.297"></status>
</kw>
<status status="PASS" starttime="20200422 16:33:18.750" endtime="20200422 16:33:19.297"></status>
</kw>
<kw name="Então devo ser autenticado" library="steps_kw">
<kw name="Wait Until Page Contains" library="SeleniumLibrary">
<doc>Waits until ``text`` appears on the current page.</doc>
<arguments>
<arg>Paty</arg>
</arguments>
<status status="PASS" starttime="20200422 16:33:19.298" endtime="20200422 16:33:19.853"></status>
</kw>
<kw name="Close Browser" library="SeleniumLibrary">
<doc>Closes the current browser.</doc>
<status status="PASS" starttime="20200422 16:33:19.853" endtime="20200422 16:33:22.124"></status>
</kw>
<status status="PASS" starttime="20200422 16:33:19.298" endtime="20200422 16:33:22.124"></status>
</kw>
<kw name="End Session" library="base" type="teardown">
<kw name="Close Browser" library="SeleniumLibrary">
<doc>Closes the current browser.</doc>
<status status="PASS" starttime="20200422 16:33:22.126" endtime="20200422 16:33:22.126"></status>
</kw>
<kw name="Capture Page Screenshot" library="SeleniumLibrary">
<doc>Takes a screenshot of the current page and embeds it into a log file.</doc>
<msg timestamp="20200422 16:33:22.126" level="INFO">Cannot capture screenshot because no browser is open.</msg>
<status status="PASS" starttime="20200422 16:33:22.126" endtime="20200422 16:33:22.126"></status>
</kw>
<status status="PASS" starttime="20200422 16:33:22.125" endtime="20200422 16:33:22.126"></status>
</kw>
<status status="PASS" starttime="20200422 16:33:11.909" endtime="20200422 16:33:22.127" critical="yes"></status>
</test>
<test id="s1-t2" name="Email incorreto">
<kw name="Start Session" library="base" type="setup">
<kw name="Open Browser" library="SeleniumLibrary">
<doc>Opens a new browser instance to the optional ``url``.</doc>
<arguments>
<arg>about:blank</arg>
<arg>chrome</arg>
</arguments>
<msg timestamp="20200422 16:33:22.129" level="INFO">Opening browser 'chrome' to base url 'about:blank'.</msg>
<status status="PASS" starttime="20200422 16:33:22.129" endtime="20200422 16:33:25.756"></status>
</kw>
<kw name="Set Selenium Implicit Wait" library="SeleniumLibrary">
<doc>Sets the implicit wait value used by Selenium.</doc>
<arguments>
<arg>5</arg>
</arguments>
<status status="PASS" starttime="20200422 16:33:25.756" endtime="20200422 16:33:25.757"></status>
</kw>
<kw name="Set Window Size" library="SeleniumLibrary">
<doc>Sets current windows size to given ``width`` and ``height``.</doc>
<arguments>
<arg>1440</arg>
<arg>900</arg>
</arguments>
<status status="PASS" starttime="20200422 16:33:25.757" endtime="20200422 16:33:27.880"></status>
</kw>
<status status="PASS" starttime="20200422 16:33:22.129" endtime="20200422 16:33:27.881"></status>
</kw>
<kw name="Tentar Logar">
<arguments>
<arg>blablabla@ninjapixel.com</arg>
<arg>pwd123</arg>
<arg>Usuário e/ou senha inválidos</arg>
</arguments>
<kw name="Dado que acesso a página login" library="steps_kw">
<kw name="Go To" library="SeleniumLibrary">
<doc>Navigates the current browser window to the provided ``url``.</doc>
<arguments>
<arg>${BASE_URL}</arg>
</arguments>
<msg timestamp="20200422 16:33:27.882" level="INFO">Opening url 'http://pixel-web:3000'</msg>
<status status="PASS" starttime="20200422 16:33:27.881" endtime="20200422 16:33:29.498"></status>
</kw>
<status status="PASS" starttime="20200422 16:33:27.881" endtime="20200422 16:33:29.498"></status>
</kw>
<kw name="Quando eu submeto minhas credenciais &quot;${email}&quot; e &quot;${pass}&quot;" library="steps_kw">
<kw name="Input Text" library="SeleniumLibrary">
<doc>Types the given ``text`` into the text field identified by ``locator``.</doc>
<arguments>
<arg>id:emailId</arg>
<arg>${email}</arg>
</arguments>
<msg timestamp="20200422 16:33:29.499" level="INFO">Typing text 'blablabla@ninjapixel.com' into text field 'id:emailId'.</msg>
<status status="PASS" starttime="20200422 16:33:29.499" endtime="20200422 16:33:29.630"></status>
</kw>
<kw name="Input Text" library="SeleniumLibrary">
<doc>Types the given ``text`` into the text field identified by ``locator``.</doc>
<arguments>
<arg>id:passId</arg>
<arg>${pass}</arg>
</arguments>
<msg timestamp="20200422 16:33:29.631" level="INFO">Typing text 'pwd123' into text field 'id:passId'.</msg>
<status status="PASS" starttime="20200422 16:33:29.631" endtime="20200422 16:33:29.707"></status>
</kw>
<kw name="Click Element" library="SeleniumLibrary">
<doc>Click the element identified by ``locator``.</doc>
<arguments>
<arg>class:btn</arg>
</arguments>
<msg timestamp="20200422 16:33:29.707" level="INFO">Clicking element 'class:btn'.</msg>
<status status="PASS" starttime="20200422 16:33:29.707" endtime="20200422 16:33:29.948"></status>
</kw>
<status status="PASS" starttime="20200422 16:33:29.498" endtime="20200422 16:33:29.948"></status>
</kw>
<kw name="Então devo ver uma mensagem de alerta &quot;${expect_message}&quot;" library="steps_kw">
<kw name="Wait Until Page Contains" library="SeleniumLibrary">
<doc>Waits until ``text`` appears on the current page.</doc>
<arguments>
<arg>${expect_message}</arg>
</arguments>
<status status="PASS" starttime="20200422 16:33:29.949" endtime="20200422 16:33:29.999"></status>
</kw>
<kw name="Close Browser" library="SeleniumLibrary">
<doc>Closes the current browser.</doc>
<status status="PASS" starttime="20200422 16:33:29.999" endtime="20200422 16:33:32.107"></status>
</kw>
<status status="PASS" starttime="20200422 16:33:29.948" endtime="20200422 16:33:32.107"></status>
</kw>
<status status="PASS" starttime="20200422 16:33:27.881" endtime="20200422 16:33:32.107"></status>
</kw>
<kw name="End Session" library="base" type="teardown">
<kw name="Close Browser" library="SeleniumLibrary">
<doc>Closes the current browser.</doc>
<status status="PASS" starttime="20200422 16:33:32.107" endtime="20200422 16:33:32.107"></status>
</kw>
<kw name="Capture Page Screenshot" library="SeleniumLibrary">
<doc>Takes a screenshot of the current page and embeds it into a log file.</doc>
<msg timestamp="20200422 16:33:32.107" level="INFO">Cannot capture screenshot because no browser is open.</msg>
<status status="PASS" starttime="20200422 16:33:32.107" endtime="20200422 16:33:32.107"></status>
</kw>
<status status="PASS" starttime="20200422 16:33:32.107" endtime="20200422 16:33:32.107"></status>
</kw>
<status status="PASS" starttime="20200422 16:33:22.128" endtime="20200422 16:33:32.108" critical="yes"></status>
</test>
<test id="s1-t3" name="Senha incorreta">
<kw name="Start Session" library="base" type="setup">
<kw name="Open Browser" library="SeleniumLibrary">
<doc>Opens a new browser instance to the optional ``url``.</doc>
<arguments>
<arg>about:blank</arg>
<arg>chrome</arg>
</arguments>
<msg timestamp="20200422 16:33:32.110" level="INFO">Opening browser 'chrome' to base url 'about:blank'.</msg>
<status status="PASS" starttime="20200422 16:33:32.110" endtime="20200422 16:33:35.824"></status>
</kw>
<kw name="Set Selenium Implicit Wait" library="SeleniumLibrary">
<doc>Sets the implicit wait value used by Selenium.</doc>
<arguments>
<arg>5</arg>
</arguments>
<status status="PASS" starttime="20200422 16:33:35.824" endtime="20200422 16:33:35.826"></status>
</kw>
<kw name="Set Window Size" library="SeleniumLibrary">
<doc>Sets current windows size to given ``width`` and ``height``.</doc>
<arguments>
<arg>1440</arg>
<arg>900</arg>
</arguments>
<status status="PASS" starttime="20200422 16:33:35.826" endtime="20200422 16:33:37.940"></status>
</kw>
<status status="PASS" starttime="20200422 16:33:32.110" endtime="20200422 16:33:37.940"></status>
</kw>
<kw name="Tentar Logar">
<arguments>
<arg>paty@ninjapixel.com</arg>
<arg>abc123</arg>
<arg>Usuário e/ou senha inválidos</arg>
</arguments>
<kw name="Dado que acesso a página login" library="steps_kw">
<kw name="Go To" library="SeleniumLibrary">
<doc>Navigates the current browser window to the provided ``url``.</doc>
<arguments>
<arg>${BASE_URL}</arg>
</arguments>
<msg timestamp="20200422 16:33:37.941" level="INFO">Opening url 'http://pixel-web:3000'</msg>
<status status="PASS" starttime="20200422 16:33:37.941" endtime="20200422 16:33:39.692"></status>
</kw>
<status status="PASS" starttime="20200422 16:33:37.941" endtime="20200422 16:33:39.692"></status>
</kw>
<kw name="Quando eu submeto minhas credenciais &quot;${email}&quot; e &quot;${pass}&quot;" library="steps_kw">
<kw name="Input Text" library="SeleniumLibrary">
<doc>Types the given ``text`` into the text field identified by ``locator``.</doc>
<arguments>
<arg>id:emailId</arg>
<arg>${email}</arg>
</arguments>
<msg timestamp="20200422 16:33:39.692" level="INFO">Typing text 'paty@ninjapixel.com' into text field 'id:emailId'.</msg>
<status status="PASS" starttime="20200422 16:33:39.692" endtime="20200422 16:33:40.118"></status>
</kw>
<kw name="Input Text" library="SeleniumLibrary">
<doc>Types the given ``text`` into the text field identified by ``locator``.</doc>
<arguments>
<arg>id:passId</arg>
<arg>${pass}</arg>
</arguments>
<msg timestamp="20200422 16:33:40.118" level="INFO">Typing text 'abc123' into text field 'id:passId'.</msg>
<status status="PASS" starttime="20200422 16:33:40.118" endtime="20200422 16:33:40.200"></status>
</kw>
<kw name="Click Element" library="SeleniumLibrary">
<doc>Click the element identified by ``locator``.</doc>
<arguments>
<arg>class:btn</arg>
</arguments>
<msg timestamp="20200422 16:33:40.200" level="INFO">Clicking element 'class:btn'.</msg>
<status status="PASS" starttime="20200422 16:33:40.200" endtime="20200422 16:33:40.256"></status>
</kw>
<status status="PASS" starttime="20200422 16:33:39.692" endtime="20200422 16:33:40.256"></status>
</kw>
<kw name="Então devo ver uma mensagem de alerta &quot;${expect_message}&quot;" library="steps_kw">
<kw name="Wait Until Page Contains" library="SeleniumLibrary">
<doc>Waits until ``text`` appears on the current page.</doc>
<arguments>
<arg>${expect_message}</arg>
</arguments>
<status status="PASS" starttime="20200422 16:33:40.256" endtime="20200422 16:33:40.350"></status>
</kw>
<kw name="Close Browser" library="SeleniumLibrary">
<doc>Closes the current browser.</doc>
<status status="PASS" starttime="20200422 16:33:40.351" endtime="20200422 16:33:42.467"></status>
</kw>
<status status="PASS" starttime="20200422 16:33:40.256" endtime="20200422 16:33:42.467"></status>
</kw>
<status status="PASS" starttime="20200422 16:33:37.941" endtime="20200422 16:33:42.468"></status>
</kw>
<kw name="End Session" library="base" type="teardown">
<kw name="Close Browser" library="SeleniumLibrary">
<doc>Closes the current browser.</doc>
<status status="PASS" starttime="20200422 16:33:42.469" endtime="20200422 16:33:42.469"></status>
</kw>
<kw name="Capture Page Screenshot" library="SeleniumLibrary">
<doc>Takes a screenshot of the current page and embeds it into a log file.</doc>
<msg timestamp="20200422 16:33:42.469" level="INFO">Cannot capture screenshot because no browser is open.</msg>
<status status="PASS" starttime="20200422 16:33:42.469" endtime="20200422 16:33:42.469"></status>
</kw>
<status status="PASS" starttime="20200422 16:33:42.468" endtime="20200422 16:33:42.469"></status>
</kw>
<status status="PASS" starttime="20200422 16:33:32.109" endtime="20200422 16:33:42.470" critical="yes"></status>
</test>
<test id="s1-t4" name="Email nao informado">
<kw name="Start Session" library="base" type="setup">
<kw name="Open Browser" library="SeleniumLibrary">
<doc>Opens a new browser instance to the optional ``url``.</doc>
<arguments>
<arg>about:blank</arg>
<arg>chrome</arg>
</arguments>
<msg timestamp="20200422 16:33:42.472" level="INFO">Opening browser 'chrome' to base url 'about:blank'.</msg>
<status status="PASS" starttime="20200422 16:33:42.472" endtime="20200422 16:33:45.804"></status>
</kw>
<kw name="Set Selenium Implicit Wait" library="SeleniumLibrary">
<doc>Sets the implicit wait value used by Selenium.</doc>
<arguments>
<arg>5</arg>
</arguments>
<status status="PASS" starttime="20200422 16:33:45.804" endtime="20200422 16:33:45.804"></status>
</kw>
<kw name="Set Window Size" library="SeleniumLibrary">
<doc>Sets current windows size to given ``width`` and ``height``.</doc>
<arguments>
<arg>1440</arg>
<arg>900</arg>
</arguments>
<status status="PASS" starttime="20200422 16:33:45.805" endtime="20200422 16:33:47.916"></status>
</kw>
<status status="PASS" starttime="20200422 16:33:42.471" endtime="20200422 16:33:47.916"></status>
</kw>
<kw name="Tentar Logar">
<arguments>
<arg>${EMPTY}</arg>
<arg>pwd123</arg>
<arg>Opps. Informe o seu email!</arg>
</arguments>
<kw name="Dado que acesso a página login" library="steps_kw">
<kw name="Go To" library="SeleniumLibrary">
<doc>Navigates the current browser window to the provided ``url``.</doc>
<arguments>
<arg>${BASE_URL}</arg>
</arguments>
<msg timestamp="20200422 16:33:47.917" level="INFO">Opening url 'http://pixel-web:3000'</msg>
<status status="PASS" starttime="20200422 16:33:47.917" endtime="20200422 16:33:49.518"></status>
</kw>
<status status="PASS" starttime="20200422 16:33:47.917" endtime="20200422 16:33:49.518"></status>
</kw>
<kw name="Quando eu submeto minhas credenciais &quot;${email}&quot; e &quot;${pass}&quot;" library="steps_kw">
<kw name="Input Text" library="SeleniumLibrary">
<doc>Types the given ``text`` into the text field identified by ``locator``.</doc>
<arguments>
<arg>id:emailId</arg>
<arg>${email}</arg>
</arguments>
<msg timestamp="20200422 16:33:49.519" level="INFO">Typing text '' into text field 'id:emailId'.</msg>
<status status="PASS" starttime="20200422 16:33:49.519" endtime="20200422 16:33:49.854"></status>
</kw>
<kw name="Input Text" library="SeleniumLibrary">
<doc>Types the given ``text`` into the text field identified by ``locator``.</doc>
<arguments>
<arg>id:passId</arg>
<arg>${pass}</arg>
</arguments>
<msg timestamp="20200422 16:33:49.854" level="INFO">Typing text 'pwd123' into text field 'id:passId'.</msg>
<status status="PASS" starttime="20200422 16:33:49.854" endtime="20200422 16:33:49.930"></status>
</kw>
<kw name="Click Element" library="SeleniumLibrary">
<doc>Click the element identified by ``locator``.</doc>
<arguments>
<arg>class:btn</arg>
</arguments>
<msg timestamp="20200422 16:33:49.931" level="INFO">Clicking element 'class:btn'.</msg>
<status status="PASS" starttime="20200422 16:33:49.930" endtime="20200422 16:33:49.965"></status>
</kw>
<status status="PASS" starttime="20200422 16:33:49.518" endtime="20200422 16:33:49.965"></status>
</kw>
<kw name="Então devo ver uma mensagem de alerta &quot;${expect_message}&quot;" library="steps_kw">
<kw name="Wait Until Page Contains" library="SeleniumLibrary">
<doc>Waits until ``text`` appears on the current page.</doc>
<arguments>
<arg>${expect_message}</arg>
</arguments>
<status status="PASS" starttime="20200422 16:33:49.965" endtime="20200422 16:33:49.988"></status>
</kw>
<kw name="Close Browser" library="SeleniumLibrary">
<doc>Closes the current browser.</doc>
<status status="PASS" starttime="20200422 16:33:49.988" endtime="20200422 16:33:52.100"></status>
</kw>
<status status="PASS" starttime="20200422 16:33:49.965" endtime="20200422 16:33:52.100"></status>
</kw>
<status status="PASS" starttime="20200422 16:33:47.917" endtime="20200422 16:33:52.101"></status>
</kw>
<kw name="End Session" library="base" type="teardown">
<kw name="Close Browser" library="SeleniumLibrary">
<doc>Closes the current browser.</doc>
<status status="PASS" starttime="20200422 16:33:52.103" endtime="20200422 16:33:52.103"></status>
</kw>
<kw name="Capture Page Screenshot" library="SeleniumLibrary">
<doc>Takes a screenshot of the current page and embeds it into a log file.</doc>
<msg timestamp="20200422 16:33:52.104" level="INFO">Cannot capture screenshot because no browser is open.</msg>
<status status="PASS" starttime="20200422 16:33:52.103" endtime="20200422 16:33:52.104"></status>
</kw>
<status status="PASS" starttime="20200422 16:33:52.102" endtime="20200422 16:33:52.104"></status>
</kw>
<status status="PASS" starttime="20200422 16:33:42.471" endtime="20200422 16:33:52.105" critical="yes"></status>
</test>
<test id="s1-t5" name="Senha nao informada">
<kw name="Start Session" library="base" type="setup">
<kw name="Open Browser" library="SeleniumLibrary">
<doc>Opens a new browser instance to the optional ``url``.</doc>
<arguments>
<arg>about:blank</arg>
<arg>chrome</arg>
</arguments>
<msg timestamp="20200422 16:33:52.108" level="INFO">Opening browser 'chrome' to base url 'about:blank'.</msg>
<status status="PASS" starttime="20200422 16:33:52.108" endtime="20200422 16:33:55.389"></status>
</kw>
<kw name="Set Selenium Implicit Wait" library="SeleniumLibrary">
<doc>Sets the implicit wait value used by Selenium.</doc>
<arguments>
<arg>5</arg>
</arguments>
<status status="PASS" starttime="20200422 16:33:55.389" endtime="20200422 16:33:55.390"></status>
</kw>
<kw name="Set Window Size" library="SeleniumLibrary">
<doc>Sets current windows size to given ``width`` and ``height``.</doc>
<arguments>
<arg>1440</arg>
<arg>900</arg>
</arguments>
<status status="PASS" starttime="20200422 16:33:55.390" endtime="20200422 16:33:57.501"></status>
</kw>
<status status="PASS" starttime="20200422 16:33:52.108" endtime="20200422 16:33:57.501"></status>
</kw>
<kw name="Tentar Logar">
<arguments>
<arg>paty@ninjapixel.com</arg>
<arg>${EMPTY}</arg>
<arg>Opps. Informe a sua senha!</arg>
</arguments>
<kw name="Dado que acesso a página login" library="steps_kw">
<kw name="Go To" library="SeleniumLibrary">
<doc>Navigates the current browser window to the provided ``url``.</doc>
<arguments>
<arg>${BASE_URL}</arg>
</arguments>
<msg timestamp="20200422 16:33:57.502" level="INFO">Opening url 'http://pixel-web:3000'</msg>
<status status="PASS" starttime="20200422 16:33:57.502" endtime="20200422 16:33:58.962"></status>
</kw>
<status status="PASS" starttime="20200422 16:33:57.502" endtime="20200422 16:33:58.962"></status>
</kw>
<kw name="Quando eu submeto minhas credenciais &quot;${email}&quot; e &quot;${pass}&quot;" library="steps_kw">
<kw name="Input Text" library="SeleniumLibrary">
<doc>Types the given ``text`` into the text field identified by ``locator``.</doc>
<arguments>
<arg>id:emailId</arg>
<arg>${email}</arg>
</arguments>
<msg timestamp="20200422 16:33:58.963" level="INFO">Typing text 'paty@ninjapixel.com' into text field 'id:emailId'.</msg>
<status status="PASS" starttime="20200422 16:33:58.963" endtime="20200422 16:33:59.432"></status>
</kw>
<kw name="Input Text" library="SeleniumLibrary">
<doc>Types the given ``text`` into the text field identified by ``locator``.</doc>
<arguments>
<arg>id:passId</arg>
<arg>${pass}</arg>
</arguments>
<msg timestamp="20200422 16:33:59.432" level="INFO">Typing text '' into text field 'id:passId'.</msg>
<status status="PASS" starttime="20200422 16:33:59.432" endtime="20200422 16:33:59.505"></status>
</kw>
<kw name="Click Element" library="SeleniumLibrary">
<doc>Click the element identified by ``locator``.</doc>
<arguments>
<arg>class:btn</arg>
</arguments>
<msg timestamp="20200422 16:33:59.506" level="INFO">Clicking element 'class:btn'.</msg>
<status status="PASS" starttime="20200422 16:33:59.505" endtime="20200422 16:33:59.566"></status>
</kw>
<status status="PASS" starttime="20200422 16:33:58.963" endtime="20200422 16:33:59.566"></status>
</kw>
<kw name="Então devo ver uma mensagem de alerta &quot;${expect_message}&quot;" library="steps_kw">
<kw name="Wait Until Page Contains" library="SeleniumLibrary">
<doc>Waits until ``text`` appears on the current page.</doc>
<arguments>
<arg>${expect_message}</arg>
</arguments>
<status status="PASS" starttime="20200422 16:33:59.567" endtime="20200422 16:33:59.594"></status>
</kw>
<kw name="Close Browser" library="SeleniumLibrary">
<doc>Closes the current browser.</doc>
<status status="PASS" starttime="20200422 16:33:59.595" endtime="20200422 16:34:01.713"></status>
</kw>
<status status="PASS" starttime="20200422 16:33:59.566" endtime="20200422 16:34:01.713"></status>
</kw>
<status status="PASS" starttime="20200422 16:33:57.502" endtime="20200422 16:34:01.713"></status>
</kw>
<kw name="End Session" library="base" type="teardown">
<kw name="Close Browser" library="SeleniumLibrary">
<doc>Closes the current browser.</doc>
<status status="PASS" starttime="20200422 16:34:01.714" endtime="20200422 16:34:01.714"></status>
</kw>
<kw name="Capture Page Screenshot" library="SeleniumLibrary">
<doc>Takes a screenshot of the current page and embeds it into a log file.</doc>
<msg timestamp="20200422 16:34:01.715" level="INFO">Cannot capture screenshot because no browser is open.</msg>
<status status="PASS" starttime="20200422 16:34:01.715" endtime="20200422 16:34:01.715"></status>
</kw>
<status status="PASS" starttime="20200422 16:34:01.714" endtime="20200422 16:34:01.715"></status>
</kw>
<status status="PASS" starttime="20200422 16:33:52.108" endtime="20200422 16:34:01.715" critical="yes"></status>
</test>
<doc>Login
Sendo um administrador de catálogo
Quero me autenticar no sistema
Para que eu possa gerenciar o catálogo de produtos</doc>
<status status="PASS" starttime="20200422 16:33:11.761" endtime="20200422 16:34:01.717"></status>
</suite>
<statistics>
<total>
<stat pass="5" fail="0">Critical Tests</stat>
<stat pass="5" fail="0">All Tests</stat>
</total>
<tag>
</tag>
<suite>
<stat pass="5" fail="0" id="s1" name="Login">Login</stat>
</suite>
</statistics>
<errors>
</errors>
</robot>
